0 info it worked if it ends with ok
1 verbose cli [ '/usr/bin/nodejs', '/usr/bin/npm', 'install', 'Datejs' ]
2 info using npm@1.3.10
3 info using node@v0.10.25
4 warn package.json Spaza-Shop@0.0.0 No description
5 warn package.json Spaza-Shop@0.0.0 No README data
6 verbose readDependencies using package.json deps
7 verbose cache add [ 'Datejs', null ]
8 verbose cache add name=undefined spec="Datejs" args=["Datejs",null]
9 verbose parsed url { protocol: null,
9 verbose parsed url   slashes: null,
9 verbose parsed url   auth: null,
9 verbose parsed url   host: null,
9 verbose parsed url   port: null,
9 verbose parsed url   hostname: null,
9 verbose parsed url   hash: null,
9 verbose parsed url   search: null,
9 verbose parsed url   query: null,
9 verbose parsed url   pathname: 'Datejs',
9 verbose parsed url   path: 'Datejs',
9 verbose parsed url   href: 'Datejs' }
10 silly lockFile 29222efc-Datejs Datejs
11 verbose lock Datejs /home/coder/.npm/29222efc-Datejs.lock
12 silly lockFile 29222efc-Datejs Datejs
13 silly lockFile 29222efc-Datejs Datejs
14 verbose addNamed [ 'Datejs', '' ]
15 verbose addNamed [ null, '*' ]
16 silly lockFile e151a3b3-Datejs Datejs@
17 verbose lock Datejs@ /home/coder/.npm/e151a3b3-Datejs.lock
18 silly addNameRange { name: 'Datejs', range: '*', hasData: false }
19 verbose url raw Datejs
20 verbose url resolving [ 'https://registry.npmjs.org/', './Datejs' ]
21 verbose url resolved https://registry.npmjs.org/Datejs
22 info trying registry request attempt 1 at 10:32:33
23 http GET https://registry.npmjs.org/Datejs
24 http 404 https://registry.npmjs.org/Datejs
25 silly registry.get cb [ 404,
25 silly registry.get   { 'content-type': 'application/json',
25 silly registry.get     'cache-control': 'max-age=0',
25 silly registry.get     'content-length': '2',
25 silly registry.get     'accept-ranges': 'bytes',
25 silly registry.get     date: 'Thu, 09 Jun 2016 08:32:34 GMT',
25 silly registry.get     via: '1.1 varnish',
25 silly registry.get     age: '0',
25 silly registry.get     connection: 'keep-alive',
25 silly registry.get     'x-served-by': 'cache-ams4140-AMS',
25 silly registry.get     'x-cache': 'MISS',
25 silly registry.get     'x-cache-hits': '0',
25 silly registry.get     'x-timer': 'S1465461154.067589,VS0,VE102',
25 silly registry.get     vary: 'Accept-Encoding' } ]
26 silly addNameRange number 2 { name: 'Datejs', range: '*', hasData: true }
27 silly addNameRange versions [ undefined, [] ]
28 error TypeError: Cannot read property 'latest' of undefined
28 error     at next (/usr/share/npm/lib/cache.js:687:35)
28 error     at /usr/share/npm/lib/cache.js:675:5
28 error     at saved (/usr/share/npm/node_modules/npm-registry-client/lib/get.js:142:7)
28 error     at /usr/lib/nodejs/graceful-fs/polyfills.js:133:7
28 error     at Object.oncomplete (fs.js:107:15)
29 error If you need help, you may report this log at:
29 error     <http://github.com/isaacs/npm/issues>
29 error or email it to:
29 error     <npm-@googlegroups.com>
30 error System Linux 3.16.0-60-generic
31 error command "/usr/bin/nodejs" "/usr/bin/npm" "install" "Datejs"
32 error cwd /home/coder/Projects/Spaza-Shop
33 error node -v v0.10.25
34 error npm -v 1.3.10
35 error type non_object_property_load
36 verbose exit [ 1, true ]
